This is pdfTeX, Version 3.141592-1.10b (MiKTeX 2.2) (preloaded format=latex 2000.11.28)  25 NOV 2004 14:08
**\nonstopmode\input{exam.tex}
(exam.tex (C:\texmf\tex\piff\shefexam\shefexam.cls
Exam style, Mike Piff, Sheffield, 19 Jun 1998 15:42:00 BST

LaTeX Warning: You have requested document class `shefexam',
               but the document class provides `exam'.

Document Class: exam 1996/08/12
(C:\texmf\tex\latex\base\article.cls
Document Class: article 2001/04/21 v1.4e Standard LaTeX document class
(C:\texmf\tex\latex\base\size12.clo
File: size12.clo 2001/04/21 v1.4e Standard LaTeX file (size option)
)
\c@part=\count79
\c@section=\count80
\c@subsection=\count81
\c@subsubsection=\count82
\c@paragraph=\count83
\c@subparagraph=\count84
\c@figure=\count85
\c@table=\count86
\abovecaptionskip=\skip41
\belowcaptionskip=\skip42
\bibindent=\dimen102
) (C:\texmf\tex\latex\ntgclass\a4.sty
Package: a4 1999/03/03 v1.2f A4 based page layout
)
(C:\texmf\tex\piff\marks\marks.sty
marks.sty v1.03, (C) Copyright Mike Piff, 27 Apr 1995 14:29:31 BST
Package: marks 1995/04/27
\TotalMarks=\count87
\QuestionMarks=\count88
) (C:\texmf\tex\piff\macros\macros.sty
macros.sty v1.31, (C) Copyright Mike Piff, 04 Jan 1996 10:55:44 BST
Package: macros 
(C:\texmf\tex\latex\amsmath\amstext.sty
Package: amstext 2000/06/29 v2.01
 (C:\texmf\tex\latex\amsmath\amsgen.sty
File: amsgen.sty 1999/11/30 v2.0
\@emptytoks=\toks14
\ex@=\dimen103
)) (C:\texmf\tex\piff\ams\ams.sty
Package: ams 1996/01/09

Package `ams' <09 Jan 1996 13:53:56 BST>.
Copyright (C) 1990,1995 Mike Piff, University of Sheffield, England
(C:\texmf\tex\latex\amsfonts\amsfonts.sty
Package: amsfonts 2001/10/25 v2.2f
\symAMSa=\mathgroup4
\symAMSb=\mathgroup5
LaTeX Font Info:    Overwriting math alphabet `\mathfrak' in version `bold'
(Font)                  U/euf/m/n --> U/euf/b/n on input line 132.
)
Use option defs to define all the AMS symbol names
) (C:\texmf\tex\piff\newproof\newproof.sty
Package: newproof 
LaTeX Font Info:    Redeclaring math symbol \square on input line 38.
)
LaTeX Font Info:    Redeclaring math symbol \emptyset on input line 15.
\Enumct=\count89
)
(C:\texmf\tex\latex\base\fontenc.sty
Package: fontenc 2001/06/05 v1.94 Standard LaTeX package
 (C:\texmf\tex\latex\base\t1enc.def
File: t1enc.def 2001/06/05 v1.94 Standard LaTeX file
LaTeX Font Info:    Redeclaring font encoding T1 on input line 38.
))
(C:\texmf\tex\piff\shefexam\semester.sty
Package: semester 
\curryear=\count90
)
\endqsk=\skip43
\qpen=\count91
\ppen=\count92
\sppen=\count93
\ssppen=\count94
\preenumpen=\count95
\spltqskip=\skip44
\spltsskip=\skip45
\qskip=\skip46
\sskip=\skip47
\c@savedenumctr=\count96
\presecskip=\skip48
\postsecskip=\skip49
\@level=\count97
\c@secnum=\count98
\@pm=\read1
\interdateskip=\skip50
\paphdsk=\skip51
\tnyhdrsk=\skip52
\smhdrsk=\skip53
\lghdrsk=\skip54
\endskip=\skip55
) (exam.aux)
LaTeX Font Info:    Checking defaults for OML/cmm/m/it on input line 14.
LaTeX Font Info:    ... okay on input line 14.
LaTeX Font Info:    Checking defaults for T1/cmr/m/n on input line 14.
LaTeX Font Info:    ... okay on input line 14.
LaTeX Font Info:    Checking defaults for OT1/cmr/m/n on input line 14.
LaTeX Font Info:    ... okay on input line 14.
LaTeX Font Info:    Checking defaults for OMS/cmsy/m/n on input line 14.
LaTeX Font Info:    ... okay on input line 14.
LaTeX Font Info:    Checking defaults for OMX/cmex/m/n on input line 14.
LaTeX Font Info:    ... okay on input line 14.
LaTeX Font Info:    Checking defaults for U/cmr/m/n on input line 14.
LaTeX Font Info:    ... okay on input line 14.
 Paper PMA101
LaTeX Font Info:    Try loading font information for T1+cmss on input line 23.

(C:\texmf\tex\latex\base\t1cmss.fd
File: t1cmss.fd 1999/05/25 v2.5h Standard LaTeX font definitions
)
LaTeX Font Info:    Try loading font information for U+msa on input line 23.
 (C:\texmf\tex\latex\amsfonts\umsa.fd
File: umsa.fd 2002/01/19 v2.2g AMS font definitions
)
LaTeX Font Info:    Try loading font information for U+msb on input line 23.

(C:\texmf\tex\latex\amsfonts\umsb.fd
File: umsb.fd 2002/01/19 v2.2g AMS font definitions
)
Heading complete
Question A1
(6 marks)
Question A2
(4 marks)
Question A3
(4 marks)
Question A4
(2 marks)
Question A5
(2 marks)
Question A6
(6 marks)
Question A7
(2 marks)
Question A8
(2 marks)
Question A9
(3 marks)
Question A10
(2 marks)
Question A11
(4 marks)
Question A12
(5 marks)
Question A13 [1

{psfonts.map}{pdfwolfram.map}]
(5 marks)
Question A14
(7 marks)
Question A15
(6 marks)
Question B1
(4 marks)
Question B2
(7 marks)
Question B3
(6 marks)
Question B4
(7 marks)
Question B5 [2]
(6 marks)
[3]
90 marks in total
(exam.aux) ) 
Here is how much of TeX's memory you used:
 1096 strings out of 95644
 10009 string characters out of 1191534
 57964 words of memory out of 1058069
 4050 multiletter control sequences out of 35000
 14301 words of font info for 40 fonts, out of 500000 for 1000
 14 hyphenation exceptions out of 607
 39i,7n,28p,232b,372s stack positions out of 1500i,500n,5000p,200000b,32768s
 43 PDF objects out of 65536
 0 named destinations out of 20000
 0 words of extra memory for PDF output out of 65536
<msbm10.pfb><cmr6.pfb><cmmi8.pfb><cmsy8.pfb><cmsy10.pfb><cmex10.pfb
><cmr8.pfb><cmmi12.pfb> <C:\localtexmf\fonts\pk\ljfour\jknappen\ec\dpi600\ecrm1
200.pk> <C:\localtexmf\fonts\pk\ljfour\jknappen\ec\dpi600\ecbi1200.pk> <C:\loca
ltexmf\fonts\pk\ljfour\jknappen\ec\dpi600\ecti1200.pk><cmr12.pfb> <C:\localtexm
f\fonts\pk\ljfour\jknappen\ec\dpi600\ecbx1200.pk> <C:\localtexmf\fonts\pk\ljfou
r\jknappen\ec\dpi600\ecsx1440.pk> <C:\localtexmf\fonts\pk\ljfour\jknappen\ec\dp
i600\ecbx1440.pk>
Output written on exam.pdf (3 pages, 97949 bytes).
