This is pdfTeX, Version 3.141592-1.10b (MiKTeX 2.2) (preloaded format=latex 2000.11.28)  30 JAN 2004 14:07
**mockans
(mockans.tex{pdftex.cfg}
LaTeX2e <2001/06/01>
Babel <v3.7h> and hyphenation patterns for english, french, german, ngerman, du
mylang, nohyphenation, loaded.
(C:\texmf\tex\latex\amscls\amsart.cls
Document Class: amsart 2000/10/26 v2.08
\linespacing=\dimen102
\normalparindent=\dimen103
\normaltopskip=\skip41
(C:\texmf\tex\latex\amsmath\amsmath.sty
Package: amsmath 2000/07/18 v2.13 AMS math features
\@mathmargin=\skip42

For additional information on amsmath, use the `?' option.
(C:\texmf\tex\latex\amsmath\amstext.sty
Package: amstext 2000/06/29 v2.01
 (C:\texmf\tex\latex\amsmath\amsgen.sty
File: amsgen.sty 1999/11/30 v2.0
\@emptytoks=\toks14
\ex@=\dimen104
)) (C:\texmf\tex\latex\amsmath\amsbsy.sty
Package: amsbsy 1999/11/29 v1.2d
\pmbraise@=\dimen105
)
(C:\texmf\tex\latex\amsmath\amsopn.sty
Package: amsopn 1999/12/14 v2.01 operator names
)
\inf@bad=\count79
LaTeX Info: Redefining \frac on input line 211.
\uproot@=\count80
\leftroot@=\count81
LaTeX Info: Redefining \overline on input line 307.
\classnum@=\count82
\DOTSCASE@=\count83
LaTeX Info: Redefining \ldots on input line 379.
LaTeX Info: Redefining \dots on input line 382.
LaTeX Info: Redefining \cdots on input line 467.
\Mathstrutbox@=\box26
\strutbox@=\box27
\big@size=\dimen106
LaTeX Font Info:    Redeclaring font encoding OML on input line 567.
LaTeX Font Info:    Redeclaring font encoding OMS on input line 568.
\macc@depth=\count84
\c@MaxMatrixCols=\count85
\dotsspace@=\muskip10
\c@parentequation=\count86
\dspbrk@lvl=\count87
\tag@help=\toks15
\row@=\count88
\column@=\count89
\maxfields@=\count90
\andhelp@=\toks16
\eqnshift@=\dimen107
\alignsep@=\dimen108
\tagshift@=\dimen109
\tagwidth@=\dimen110
\totwidth@=\dimen111
\lineht@=\dimen112
\@envbody=\toks17
\multlinegap=\skip43
\multlinetaggap=\skip44
\mathdisplay@stack=\toks18
LaTeX Info: Redefining \[ on input line 2666.
LaTeX Info: Redefining \] on input line 2667.
)
LaTeX Font Info:    Try loading font information for U+msa on input line 395.
 (C:\texmf\tex\latex\amsfonts\umsa.fd
File: umsa.fd 2002/01/19 v2.2g AMS font definitions
)
(C:\texmf\tex\latex\amsfonts\amsfonts.sty
Package: amsfonts 2001/10/25 v2.2f
\symAMSa=\mathgroup4
\symAMSb=\mathgroup5
LaTeX Font Info:    Overwriting math alphabet `\mathfrak' in version `bold'
(Font)                  U/euf/m/n --> U/euf/b/n on input line 132.
)
\copyins=\insert233
\abstractbox=\box28
\listisep=\skip45
\c@part=\count91
\c@section=\count92
\c@subsection=\count93
\c@subsubsection=\count94
\c@paragraph=\count95
\c@subparagraph=\count96
\c@figure=\count97
\c@table=\count98
\abovecaptionskip=\skip46
\belowcaptionskip=\skip47
\captionindent=\dimen113
\thm@style=\toks19
\thm@bodyfont=\toks20
\thm@headfont=\toks21
\thm@notefont=\toks22
\thm@headpunct=\toks23
\thm@preskip=\skip48
\thm@postskip=\skip49
\thm@headsep=\skip50
\dth@everypar=\toks24
)
(C:\texmf\tex\latex\ltxmisc\a4wide.sty
Package: a4wide 1994/08/30
 (C:\texmf\tex\latex\ntgclass\a4.sty
Package: a4 1999/03/03 v1.2f A4 based page layout
))
(C:\localtexmf\tex\generic\mfpic\mfpic.sty
(C:\localtexmf\tex\generic\mfpic\mfpic.tex
Package: mfpic 2003/02/05 v0.6c beta.

(C:\texmf\tex\latex\graphics\graphics.sty
Package: graphics 2001/07/07 v1.0n Standard LaTeX Graphics (DPC,SPQR)
 (C:\texmf\tex\latex\graphics\trig.sty
Package: trig 1999/03/16 v1.09 sin cos tan (DPC)
) (C:\texmf\tex\latex\00miktex\graphics.cfg
File: graphics.cfg 2003/03/12 v1.1 MiKTeX 'graphics' configuration
)
Package graphics Info: Driver file: pdftex.def on line 80.

(C:\texmf\tex\latex\graphics\pdftex.def
File: pdftex.def 2002/06/19 v0.03k graphics/color for pdftex
\Gread@gobject=\count99
))
\mfp@out=\write3
\mfp@graph=\read1
\mfp@count=\count100
\mfp@linetype=\count101
\mfp@toks=\toks25
\every@tlabel=\toks26
\mfp@commonverbatimtex=\toks27
\@fdc=\count102
\@wholegraph=\box29
\@textbox=\box30
\mfp@scratch=\dimen114
\mfp@n=\count103
\mfp@sequence=\count104
\tl@vpos=\count105
\tl@hpos=\count106
\mfpicheight=\dimen115
\mfpicwidth=\dimen116
\mfpframesep=\dimen117
\mfpframethickness=\dimen118
\mfp@verbtex=\toks28
))
(C:\texmf\tex\latex\graphics\graphicx.sty
Package: graphicx 1999/02/16 v1.0f Enhanced LaTeX Graphics (DPC,SPQR)

(C:\texmf\tex\latex\graphics\keyval.sty
Package: keyval 1999/03/16 v1.13 key=value parser (DPC)
\KV@toks@=\toks29
)
\Gin@req@height=\dimen119
\Gin@req@width=\dimen120
) (mockans.aux)
LaTeX Font Info:    Checking defaults for OML/cmm/m/it on line 26.
LaTeX Font Info:    ... okay on line 26.
LaTeX Font Info:    Checking defaults for T1/cmr/m/n on line 26.
LaTeX Font Info:    ... okay on line 26.
LaTeX Font Info:    Checking defaults for OT1/cmr/m/n on line 26.
LaTeX Font Info:    ... okay on line 26.
LaTeX Font Info:    Checking defaults for OMS/cmsy/m/n on line 26.
LaTeX Font Info:    ... okay on line 26.
LaTeX Font Info:    Checking defaults for OMX/cmex/m/n on line 26.
LaTeX Font Info:    ... okay on line 26.
LaTeX Font Info:    Checking defaults for U/cmr/m/n on line 26.
LaTeX Font Info:    ... okay on line 26.
LaTeX Font Info:    Try loading font information for U+msa on line 26.

(C:\texmf\tex\latex\amsfonts\umsa.fd
File: umsa.fd 2002/01/19 v2.2g AMS font definitions
)
LaTeX Font Info:    Try loading font information for U+msb on line 26.
 (C:\texmf\tex\latex\amsfonts\umsb.fd
File: umsb.fd 2002/01/19 v2.2g AMS font definitions
)
(C:\texmf\tex\context\base\supp-pdf.tex (C:\texmf\tex\context\base\supp-mis.tex
loading : Context Support Macros / Missing
\protectiondepth=\count107
\scratchcounter=\count108
\scratchdimen=\dimen121
\scratchskip=\skip51
\scratchmuskip=\muskip11
\scratchbox=\box31
\scratchread=\read2
\scratchwrite=\write4
\nextbox=\box32
\nextdepth=\dimen122
\everyline=\toks30
\!!counta=\count109
\!!countb=\count110
\recursecounter=\count111
)
loading : Context Support Macros / PDF
\nofMPsegments=\count112
\nofMParguments=\count113
)
MFpic: Don't forget to process mockans_mfpic.mp! 
MFpic: (Apply metapost to mockans_mfpic.mp.) 
MFpic: Then reprocess this file (mockans). 

File: mockans_mfpic.1 Graphic file (type mps)
[MP to PDF mockans_mfpic.1] (mockans_mfpic.1) [1{psfonts.map}] [2] [3] [4]
(mockans.aux) ) 
Here is how much of TeX's memory you used:
 3012 strings out of 95644
 29863 string characters out of 1191534
 213011 words of memory out of 1201852
 5766 multiletter control sequences out of 35000
 10404 words of font info for 42 fonts, out of 500000 for 1000
 176 hyphenation exceptions out of 607
 34i,14n,27p,259b,1062s stack positions out of 1500i,500n,5000p,200000b,32768s
 67 PDF objects out of 65536
 0 named destinations out of 20000
 0 words of extra memory for PDF output out of 65536
<cmmi6.pfb><cmsy5.pfb><cmr5.pfb><cmsy9.pfb><cmmi9.pfb><cmex10.pf
b><cmr9.pfb><cmsy6.pfb><cmr6.pfb><cmex10.pfb><cmmi7.pfb><cmsy7.pfb><cmex10.pfb>
<cmsy10.pfb><cmr7.pfb><cmmi10.pfb><cmr10.pfb><cmr12.pfb>
Output written on mockans.pdf (4 pages, 115145 bytes).
